{"uid":"126b09939dda29f6","name":"test_Signup_002","fullName":"testCases.test_UserProfile.Test_UserProfile#test_Signup_002","historyId":"ef84edf7b7d226e78bc76412778cd6b4","time":{"start":1743687679546,"stop":1743687682268,"duration":2722},"status":"failed","statusMessage":"AssertionError: assert False","statusTrace":"self = <testCases.test_UserProfile.Test_UserProfile object at 0x0000025686166DD0>\nsetup = <selenium.webdriver.chrome.webdriver.WebDriver (session=\"fe7b2aa70c0f84eeb571cb13510f268e\")>\n\n    @pytest.mark.sanity\n    @pytest.mark.group1\n    def test_Signup_002(self, setup):\n        self.Log.info(\"Testcase test_Signup_002 is started\")\n        self.driver = setup\n        self.Log.info(\"Opening browser\")\n        self.su = SignUp_Class(self.driver)\n        self.su.Click_Signup()\n        self.Log.info(\"Entering the Username\")\n        self.su.Enter_Username(\"Demo555\")\n        self.Log.info(\"Entering the Password\")\n        self.su.Enter_Password(\"Demo555@\")\n        self.Log.info(\"Entering the Email\")\n        self.su.Enter_Email(\"Demo555@credence.in\")\n        self.Log.info(\"Entering the Phone\")\n        self.su.Enter_Phone(\"7656765456\")\n        self.Log.info(\"Click on Create user button\")\n        self.su.Click_CreateUser_Button()\n        self.Log.info(\"Checking user creation\")\n        if self.su.Validate_User_Creation() == \"User created successfully\":\n            self.Log.info(\"Testcase test_Signup_002 is passed\")\n            self.Log.info(\"Taking screenshot\")\n            self.driver.save_screenshot(\".\\\\Screeshots\\\\test_Signup_002_pass.png\")\n            self.Log.info(\"Testcase test_Signup_002 is completed\\n\")\n            assert True\n        else:\n            self.Log.info(\"Testcase test_Signup_002 is fail\")\n            self.Log.info(\"Taking screenshot\")\n            self.driver.save_screenshot(\".\\\\Screeshots\\\\test_Signup_002_fail.png\")\n            self.Log.info(\"Testcase test_Signup_002 is completed\\n\")\n>           assert False\nE           assert False\n\ntestCases\\test_UserProfile.py:76: AssertionError","flaky":false,"newFailed":false,"newBroken":false,"newPassed":false,"retriesCount":0,"retriesStatusChange":false,"beforeStages":[{"name":"setup","time":{"start":1743687671417,"stop":1743687679545,"duration":8128},"status":"passed","steps":[],"attachments":[],"parameters":[],"shouldDisplayMessage":false,"attachmentsCount":0,"attachmentStep":false,"hasContent":false,"stepsCount":0}],"testStage":{"status":"failed","statusMessage":"AssertionError: assert False","statusTrace":"self = <testCases.test_UserProfile.Test_UserProfile object at 0x0000025686166DD0>\nsetup = <selenium.webdriver.chrome.webdriver.WebDriver (session=\"fe7b2aa70c0f84eeb571cb13510f268e\")>\n\n    @pytest.mark.sanity\n    @pytest.mark.group1\n    def test_Signup_002(self, setup):\n        self.Log.info(\"Testcase test_Signup_002 is started\")\n        self.driver = setup\n        self.Log.info(\"Opening browser\")\n        self.su = SignUp_Class(self.driver)\n        self.su.Click_Signup()\n        self.Log.info(\"Entering the Username\")\n        self.su.Enter_Username(\"Demo555\")\n        self.Log.info(\"Entering the Password\")\n        self.su.Enter_Password(\"Demo555@\")\n        self.Log.info(\"Entering the Email\")\n        self.su.Enter_Email(\"Demo555@credence.in\")\n        self.Log.info(\"Entering the Phone\")\n        self.su.Enter_Phone(\"7656765456\")\n        self.Log.info(\"Click on Create user button\")\n        self.su.Click_CreateUser_Button()\n        self.Log.info(\"Checking user creation\")\n        if self.su.Validate_User_Creation() == \"User created successfully\":\n            self.Log.info(\"Testcase test_Signup_002 is passed\")\n            self.Log.info(\"Taking screenshot\")\n            self.driver.save_screenshot(\".\\\\Screeshots\\\\test_Signup_002_pass.png\")\n            self.Log.info(\"Testcase test_Signup_002 is completed\\n\")\n            assert True\n        else:\n            self.Log.info(\"Testcase test_Signup_002 is fail\")\n            self.Log.info(\"Taking screenshot\")\n            self.driver.save_screenshot(\".\\\\Screeshots\\\\test_Signup_002_fail.png\")\n            self.Log.info(\"Testcase test_Signup_002 is completed\\n\")\n>           assert False\nE           assert False\n\ntestCases\\test_UserProfile.py:76: AssertionError","steps":[],"attachments":[{"uid":"28d55ae3d8b247e","name":"log","source":"28d55ae3d8b247e.txt","type":"text/plain","size":911}],"parameters":[],"shouldDisplayMessage":true,"attachmentsCount":1,"attachmentStep":false,"hasContent":true,"stepsCount":0},"afterStages":[{"name":"setup::0","time":{"start":1743687682314,"stop":1743687684917,"duration":2603},"status":"passed","steps":[],"attachments":[],"parameters":[],"shouldDisplayMessage":false,"attachmentsCount":0,"attachmentStep":false,"hasContent":false,"stepsCount":0}],"labels":[{"name":"tag","value":"group1"},{"name":"tag","value":"sanity"},{"name":"parentSuite","value":"testCases"},{"name":"suite","value":"test_UserProfile"},{"name":"subSuite","value":"Test_UserProfile"},{"name":"host","value":"DESKTOP-0BEJ6PU"},{"name":"thread","value":"2168-MainThread"},{"name":"framework","value":"pytest"},{"name":"language","value":"cpython3"},{"name":"package","value":"testCases.test_UserProfile"},{"name":"resultFormat","value":"allure2"}],"parameters":[],"links":[],"hidden":false,"retry":false,"extra":{"severity":"normal","retries":[],"categories":[{"name":"Product defects","matchedStatuses":[],"flaky":false}],"tags":["sanity","group1"]},"source":"126b09939dda29f6.json","parameterValues":[]}